::1 - - [11/Jun/2026:08:34:47 +0000] "GET / HTTP/1.1" 304 - "-" "Mozilla/5.0 (Windows NT 10.0; Win64; x64) AppleWebKit/537.36 (KHTML, like Gecko) qa-management/1.0.0 Chrome/146.0.7680.216 Electron/41.7.1 Safari/537.36"
::1 - - [11/Jun/2026:08:34:48 +0000] "POST /signin HTTP/1.1" 302 34 "http://localhost:5777/" "Mozilla/5.0 (Windows NT 10.0; Win64; x64) AppleWebKit/537.36 (KHTML, like Gecko) qa-management/1.0.0 Chrome/146.0.7680.216 Electron/41.7.1 Safari/537.36"
::1 - - [11/Jun/2026:08:34:48 +0000] "GET /menu HTTP/1.1" 304 - "http://localhost:5777/" "Mozilla/5.0 (Windows NT 10.0; Win64; x64) AppleWebKit/537.36 (KHTML, like Gecko) qa-management/1.0.0 Chrome/146.0.7680.216 Electron/41.7.1 Safari/537.36"
::1 - - [11/Jun/2026:08:34:49 +0000] "GET /danhmuc/danhmuc-menu HTTP/1.1" 304 - "http://localhost:5777/menu" "Mozilla/5.0 (Windows NT 10.0; Win64; x64) AppleWebKit/537.36 (KHTML, like Gecko) qa-management/1.0.0 Chrome/146.0.7680.216 Electron/41.7.1 Safari/537.36"
::1 - - [11/Jun/2026:08:34:50 +0000] "GET /danhmuc/sanpham HTTP/1.1" 304 - "http://localhost:5777/danhmuc/danhmuc-menu" "Mozilla/5.0 (Windows NT 10.0; Win64; x64) AppleWebKit/537.36 (KHTML, like Gecko) qa-management/1.0.0 Chrome/146.0.7680.216 Electron/41.7.1 Safari/537.36"
::1 - - [11/Jun/2026:08:34:53 +0000] "GET /danhmuc/sanpham HTTP/1.1" 304 - "http://localhost:5777/danhmuc/danhmuc-menu" "Mozilla/5.0 (Windows NT 10.0; Win64; x64) AppleWebKit/537.36 (KHTML, like Gecko) qa-management/1.0.0 Chrome/146.0.7680.216 Electron/41.7.1 Safari/537.36"
::1 - - [11/Jun/2026:08:34:55 +0000] "GET /menu HTTP/1.1" 304 - "http://localhost:5777/danhmuc/danhmuc-menu" "Mozilla/5.0 (Windows NT 10.0; Win64; x64) AppleWebKit/537.36 (KHTML, like Gecko) qa-management/1.0.0 Chrome/146.0.7680.216 Electron/41.7.1 Safari/537.36"
::1 - - [11/Jun/2026:08:34:55 +0000] "GET /sanxuat/menu-viencom HTTP/1.1" 304 - "http://localhost:5777/menu" "Mozilla/5.0 (Windows NT 10.0; Win64; x64) AppleWebKit/537.36 (KHTML, like Gecko) qa-management/1.0.0 Chrome/146.0.7680.216 Electron/41.7.1 Safari/537.36"
::1 - - [11/Jun/2026:08:34:57 +0000] "GET /sanxuat/sanpham-list HTTP/1.1" 304 - "http://localhost:5777/sanxuat/menu-viencom" "Mozilla/5.0 (Windows NT 10.0; Win64; x64) AppleWebKit/537.36 (KHTML, like Gecko) qa-management/1.0.0 Chrome/146.0.7680.216 Electron/41.7.1 Safari/537.36"
::1 - - [11/Jun/2026:08:34:58 +0000] "GET /sanxuat/edit-sanpham?id=5 HTTP/1.1" 200 56220 "http://localhost:5777/sanxuat/sanpham-list" "Mozilla/5.0 (Windows NT 10.0; Win64; x64) AppleWebKit/537.36 (KHTML, like Gecko) qa-management/1.0.0 Chrome/146.0.7680.216 Electron/41.7.1 Safari/537.36"
::1 - - [11/Jun/2026:08:34:59 +0000] "GET /sanxuat/api/get-thanhpham?id=5 HTTP/1.1" 404 4 "http://localhost:5777/sanxuat/edit-sanpham?id=5" "Mozilla/5.0 (Windows NT 10.0; Win64; x64) AppleWebKit/537.36 (KHTML, like Gecko) qa-management/1.0.0 Chrome/146.0.7680.216 Electron/41.7.1 Safari/537.36"
::1 - - [11/Jun/2026:08:35:01 +0000] "POST /sanxuat/api/edit-thanhpham HTTP/1.1" 200 65 "http://localhost:5777/sanxuat/edit-sanpham?id=5" "Mozilla/5.0 (Windows NT 10.0; Win64; x64) AppleWebKit/537.36 (KHTML, like Gecko) qa-management/1.0.0 Chrome/146.0.7680.216 Electron/41.7.1 Safari/537.36"
::1 - - [11/Jun/2026:08:36:31 +0000] "POST /sanxuat/api/edit-thanhpham HTTP/1.1" 200 65 "http://localhost:5777/sanxuat/edit-sanpham?id=5" "Mozilla/5.0 (Windows NT 10.0; Win64; x64) AppleWebKit/537.36 (KHTML, like Gecko) qa-management/1.0.0 Chrome/146.0.7680.216 Electron/41.7.1 Safari/537.36"
::1 - - [11/Jun/2026:08:36:33 +0000] "GET /sanxuat/api/get-thanhpham?id=5 HTTP/1.1" 200 1717 "http://localhost:5777/sanxuat/edit-sanpham?id=5" "Mozilla/5.0 (Windows NT 10.0; Win64; x64) AppleWebKit/537.36 (KHTML, like Gecko) qa-management/1.0.0 Chrome/146.0.7680.216 Electron/41.7.1 Safari/537.36"
::1 - - [11/Jun/2026:08:36:39 +0000] "POST /sanxuat/api/edit-thanhpham HTTP/1.1" 200 65 "http://localhost:5777/sanxuat/edit-sanpham?id=5" "Mozilla/5.0 (Windows NT 10.0; Win64; x64) AppleWebKit/537.36 (KHTML, like Gecko) qa-management/1.0.0 Chrome/146.0.7680.216 Electron/41.7.1 Safari/537.36"
::1 - - [11/Jun/2026:08:36:42 +0000] "GET /sanxuat/api/get-thanhpham?id=5 HTTP/1.1" 200 1739 "http://localhost:5777/sanxuat/edit-sanpham?id=5" "Mozilla/5.0 (Windows NT 10.0; Win64; x64) AppleWebKit/537.36 (KHTML, like Gecko) qa-management/1.0.0 Chrome/146.0.7680.216 Electron/41.7.1 Safari/537.36"
::1 - - [11/Jun/2026:08:36:43 +0000] "GET /sanxuat/sanpham-list HTTP/1.1" 200 26153 "http://localhost:5777/sanxuat/menu-viencom" "Mozilla/5.0 (Windows NT 10.0; Win64; x64) AppleWebKit/537.36 (KHTML, like Gecko) qa-management/1.0.0 Chrome/146.0.7680.216 Electron/41.7.1 Safari/537.36"
::1 - - [11/Jun/2026:08:36:45 +0000] "GET /sanxuat/edit-sanpham?id=5 HTTP/1.1" 200 56201 "http://localhost:5777/sanxuat/sanpham-list" "Mozilla/5.0 (Windows NT 10.0; Win64; x64) AppleWebKit/537.36 (KHTML, like Gecko) qa-management/1.0.0 Chrome/146.0.7680.216 Electron/41.7.1 Safari/537.36"
::1 - - [11/Jun/2026:08:36:46 +0000] "GET /sanxuat/api/get-thanhpham?id=5 HTTP/1.1" 304 - "http://localhost:5777/sanxuat/edit-sanpham?id=5" "Mozilla/5.0 (Windows NT 10.0; Win64; x64) AppleWebKit/537.36 (KHTML, like Gecko) qa-management/1.0.0 Chrome/146.0.7680.216 Electron/41.7.1 Safari/537.36"
::1 - - [11/Jun/2026:08:37:05 +0000] "POST /sanxuat/api/edit-thanhpham HTTP/1.1" 200 65 "http://localhost:5777/sanxuat/edit-sanpham?id=5" "Mozilla/5.0 (Windows NT 10.0; Win64; x64) AppleWebKit/537.36 (KHTML, like Gecko) qa-management/1.0.0 Chrome/146.0.7680.216 Electron/41.7.1 Safari/537.36"
